<?xml version="1.0" encoding="UTF-8"?>
<!-- Generated by org.testng.reporters.JUnitXMLReporter -->
<testsuite hostname="Sohel-MLBDs-MacBook-Pro.local" name="Default test" tests="4" failures="0" timestamp="20 Mar 2021 11:29:05 GMT" time="100.169" errors="0">
  <testcase name="Login_test" time="28.185" classname="tests.login_test"/>
  <testcase name="Tutorial" time="17.117" classname="tests.login_test"/>
  <testcase name="groupchatCreate_test" time="38.447" classname="tests.login_test"/>
  <testcase name="chatfunc_test" time="16.305" classname="tests.login_test"/>
</testsuite> <!-- Default test -->
