<?xml version="1.0" encoding="UTF-8"?>
<!-- Generated by org.testng.reporters.JUnitXMLReporter -->
<testsuite hostname="Sohel-MLBDs-MacBook-Pro.local" name="Test1" tests="3" failures="0" timestamp="20 Mar 2021 19:15:12 GMT" time="87.565" errors="0">
  <testcase name="sendmessage_test" time="25.195" classname="tests.chatfunc_test"/>
  <testcase name="createtopic_test" time="25.197" classname="tests.chatfunc_test"/>
  <testcase name="logout_test" time="23.298" classname="tests.chatfunc_test"/>
</testsuite> <!-- Test1 -->
