<?xml version="1.0" encoding="UTF-8"?>
<!-- Generated by org.testng.reporters.JUnitXMLReporter -->
<testsuite hostname="Sohel-MLBDs-MacBook-Pro.local" name="Test1" tests="3" failures="0" timestamp="21 Mar 2021 01:47:57 GMT" time="91.626" errors="0">
  <testcase name="sendmessage_test" time="25.772" classname="tests.chatfunc_test"/>
  <testcase name="createtopic_test" time="27.752" classname="tests.chatfunc_test"/>
  <testcase name="logout_test" time="23.761" classname="tests.chatfunc_test"/>
</testsuite> <!-- Test1 -->
