<?xml version="1.0" encoding="UTF-8"?>
<!-- Generated by org.testng.reporters.JUnitXMLReporter -->
<testsuite hostname="Sohel-MLBDs-MacBook-Pro.local" name="Test" tests="3" failures="0" timestamp="21 Mar 2021 01:46:21 GMT" time="105.04" errors="0">
  <testcase name="Login_test" time="28.455" classname="tests.creategroupchat_test"/>
  <testcase name="Tutorial" time="13.202" classname="tests.creategroupchat_test"/>
  <testcase name="groupchatCreate_test" time="42.224" classname="tests.creategroupchat_test"/>
</testsuite> <!-- Test -->
